Build started 11/21/2013 7:08:51 PM.
     1>Project "F:\Development\source-code\Git\CSE430_Project2\CSE430_Project2\CSE430_Project2.vcxproj" on node 2 (Build target(s)).
     1>ClCompile:
         C:\Program Files (x86)\Microsoft Visual Studio 11.0\VC\bin\CL.exe /c /ZI /nologo /W3 /WX- /sdl /Od /Oy- /D WIN32 /D _DEBUG /D _CONSOLE /D _UNICODE /D UNICODE /Gm /EHsc /RTC1 /MDd /GS /fp:precise /Zc:wchar_t /Zc:forScope /Fo"Debug\\" /Fd"Debug\vc110.pdb" /Gd /TP /analyze- /errorReport:prompt Project2.cpp
         Project2.cpp
     1>f:\development\source-code\git\cse430_project2\cse430_project2\project2.cpp(34): warning C4018: '<' : signed/unsigned mismatch
     1>f:\development\source-code\git\cse430_project2\cse430_project2\project2.cpp(38): warning C4018: '<' : signed/unsigned mismatch
     1>f:\development\source-code\git\cse430_project2\cse430_project2\project2.cpp(49): warning C4018: '<' : signed/unsigned mismatch
     1>f:\development\source-code\git\cse430_project2\cse430_project2\project2.cpp(55): warning C4018: '<' : signed/unsigned mismatch
     1>f:\development\source-code\git\cse430_project2\cse430_project2\project2.cpp(67): warning C4018: '<' : signed/unsigned mismatch
     1>f:\development\source-code\git\cse430_project2\cse430_project2\project2.cpp(73): warning C4018: '<' : signed/unsigned mismatch
     1>f:\development\source-code\git\cse430_project2\cse430_project2\project2.cpp(177): warning C4018: '<' : signed/unsigned mismatch
     1>f:\development\source-code\git\cse430_project2\cse430_project2\project2.cpp(180): warning C4018: '<' : signed/unsigned mismatch
     1>f:\development\source-code\git\cse430_project2\cse430_project2\project2.cpp(224): warning C4018: '<' : signed/unsigned mismatch
     1>f:\development\source-code\git\cse430_project2\cse430_project2\project2.cpp(242): warning C4018: '<' : signed/unsigned mismatch
     1>f:\development\source-code\git\cse430_project2\cse430_project2\project2.cpp(305): warning C4018: '<' : signed/unsigned mismatch
     1>f:\development\source-code\git\cse430_project2\cse430_project2\project2.cpp(393): warning C4018: '<' : signed/unsigned mismatch
     1>f:\development\source-code\git\cse430_project2\cse430_project2\project2.cpp(423): warning C4018: '<' : signed/unsigned mismatch
       Link:
         C:\Program Files (x86)\Microsoft Visual Studio 11.0\VC\bin\link.exe /ERRORREPORT:PROMPT /OUT:"F:\Development\source-code\Git\CSE430_Project2\CSE430_Project2\Debug\CSE430_Project2.exe" /INCREMENTAL /NOLOGO pthreadVC2.lib kernel32.lib user32.lib gdi32.lib winspool.lib comdlg32.lib advapi32.lib shell32.lib ole32.lib oleaut32.lib uuid.lib odbc32.lib odbccp32.lib kernel32.lib user32.lib gdi32.lib winspool.lib comdlg32.lib advapi32.lib shell32.lib ole32.lib oleaut32.lib uuid.lib odbc32.lib odbccp32.lib /MANIFEST /MANIFESTUAC:"level='asInvoker' uiAccess='false'" /manifest:embed /DEBUG /PDB:"F:\Development\source-code\Git\CSE430_Project2\CSE430_Project2\Debug\CSE430_Project2.pdb" /SUBSYSTEM:CONSOLE /TLBID:1 /DYNAMICBASE /NXCOMPAT /IMPLIB:"F:\Development\source-code\Git\CSE430_Project2\CSE430_Project2\Debug\CSE430_Project2.lib" /MACHINE:X86 Debug\Project2.obj
         CSE430_Project2.vcxproj -> F:\Development\source-code\Git\CSE430_Project2\CSE430_Project2\Debug\CSE430_Project2.exe
     1>Done Building Project "F:\Development\source-code\Git\CSE430_Project2\CSE430_Project2\CSE430_Project2.vcxproj" (Build target(s)).

Build succeeded.

Time Elapsed 00:00:01.46
